Added Pin To Net: NetName=+5V Pin=*3-2
Added Pin To Net: NetName=+5V Pin=C13-2
Added Pin To Net: NetName=+5V Pin=P1-1
Added Pin To Net: NetName=+5V Pin=U3-4
Added Pin To Net: NetName=+5V Pin=U3-6
Added Net: Name=+5V
Added Pin To Net: NetName=ASSIC Pin=*3-5
Added Pin To Net: NetName=ASSIC Pin=U1-62
Added Net: Name=ASSIC
Added Pin To Net: NetName=BOOT0 Pin=R1-2
Added Pin To Net: NetName=BOOT0 Pin=U1-60
Added Net: Name=BOOT0
Added Pin To Net: NetName=GND Pin=*1-1
Added Pin To Net: NetName=GND Pin=*1-2
Added Pin To Net: NetName=GND Pin=*1-3
Added Pin To Net: NetName=GND Pin=*1-4
Added Pin To Net: NetName=GND Pin=*1-5
Added Pin To Net: NetName=GND Pin=*1-10
Added Pin To Net: NetName=GND Pin=*1-11
Added Pin To Net: NetName=GND Pin=*1-12
Added Pin To Net: NetName=GND Pin=*1-20
Added Pin To Net: NetName=GND Pin=*1-22
Added Pin To Net: NetName=GND Pin=*2-2
Added Pin To Net: NetName=GND Pin=*2-4
Added Pin To Net: NetName=GND Pin=*2-9
Added Pin To Net: NetName=GND Pin=*3-1
Added Pin To Net: NetName=GND Pin=*3-9
Added Pin To Net: NetName=GND Pin=C1-1
Added Pin To Net: NetName=GND Pin=C2-1
Added Pin To Net: NetName=GND Pin=C3-1
Added Pin To Net: NetName=GND Pin=C4-1
Added Pin To Net: NetName=GND Pin=C5-1
Added Pin To Net: NetName=GND Pin=C6-1
Added Pin To Net: NetName=GND Pin=C7-1
Added Pin To Net: NetName=GND Pin=C8-1
Added Pin To Net: NetName=GND Pin=C9-1
Added Pin To Net: NetName=GND Pin=C10-2
Added Pin To Net: NetName=GND Pin=C12-1
Added Pin To Net: NetName=GND Pin=C13-1
Added Pin To Net: NetName=GND Pin=C14-1
Added Pin To Net: NetName=GND Pin=LED1-2
Added Pin To Net: NetName=GND Pin=P1-4
Added Pin To Net: NetName=GND Pin=P1-5
Added Pin To Net: NetName=GND Pin=R1-1
Added Pin To Net: NetName=GND Pin=R6-2
Added Pin To Net: NetName=GND Pin=U1-12
Added Pin To Net: NetName=GND Pin=U1-18
Added Pin To Net: NetName=GND Pin=U1-31
Added Pin To Net: NetName=GND Pin=U1-47
Added Pin To Net: NetName=GND Pin=U1-63
Added Pin To Net: NetName=GND Pin=U2-3
Added Pin To Net: NetName=GND Pin=U3-5
Added Pin To Net: NetName=GND Pin=U3-7
Added Net: Name=GND
Added Pin To Net: NetName=LED_SYNC Pin=LED2-2
Added Pin To Net: NetName=LED_SYNC Pin=U1-24
Added Net: Name=LED_SYNC
Added Pin To Net: NetName=LORA_BUSY Pin=*1-14
Added Pin To Net: NetName=LORA_BUSY Pin=U1-25
Added Net: Name=LORA_BUSY
Added Pin To Net: NetName=LORA_CS Pin=*1-19
Added Pin To Net: NetName=LORA_CS Pin=U1-20
Added Net: Name=LORA_CS
Added Pin To Net: NetName=LORA_DIO1 Pin=*1-13
Added Pin To Net: NetName=LORA_DIO1 Pin=U1-40
Added Net: Name=LORA_DIO1
Added Pin To Net: NetName=LORA_DIO2 Pin=*1-8
Added Pin To Net: NetName=LORA_DIO2 Pin=U1-42
Added Net: Name=LORA_DIO2
Added Pin To Net: NetName=LORA_MISO Pin=*1-16
Added Pin To Net: NetName=LORA_MISO Pin=U1-22
Added Net: Name=LORA_MISO
Added Pin To Net: NetName=LORA_MOSI Pin=*1-17
Added Pin To Net: NetName=LORA_MOSI Pin=U1-23
Added Net: Name=LORA_MOSI
Added Pin To Net: NetName=LORA_RST Pin=*1-15
Added Pin To Net: NetName=LORA_RST Pin=U1-51
Added Net: Name=LORA_RST
Added Pin To Net: NetName=LORA_RXEN Pin=*1-6
Added Pin To Net: NetName=LORA_RXEN Pin=U1-9
Added Net: Name=LORA_RXEN
Added Pin To Net: NetName=LORA_SCK Pin=*1-18
Added Pin To Net: NetName=LORA_SCK Pin=U1-21
Added Net: Name=LORA_SCK
Added Pin To Net: NetName=LORA_TXEN Pin=*1-7
Added Pin To Net: NetName=LORA_TXEN Pin=U1-8
Added Net: Name=LORA_TXEN
Added Pin To Net: NetName=NetC9_2 Pin=C9-2
Added Pin To Net: NetName=NetC9_2 Pin=U1-30
Added Net: Name=NetC9_2
Added Pin To Net: NetName=NetC11_1 Pin=C11-1
Added Pin To Net: NetName=NetC11_1 Pin=U2-4
Added Net: Name=NetC11_1
Added Pin To Net: NetName=NetC11_2 Pin=C11-2
Added Pin To Net: NetName=NetC11_2 Pin=R3-1
Added Net: Name=NetC11_2
Added Pin To Net: NetName=NetLED1_1 Pin=LED1-1
Added Pin To Net: NetName=NetLED1_1 Pin=R7-1
Added Net: Name=NetLED1_1
Added Pin To Net: NetName=NetLED2_1 Pin=LED2-1
Added Pin To Net: NetName=NetLED2_1 Pin=R8-1
Added Net: Name=NetLED2_1
Added Pin To Net: NetName=NetR9_1 Pin=R9-1
Added Pin To Net: NetName=NetR9_1 Pin=U3-3
Added Net: Name=NetR9_1
Added Pin To Net: NetName=NRST Pin=C10-1
Added Pin To Net: NetName=NRST Pin=R2-2
Added Pin To Net: NetName=NRST Pin=U1-7
Added Net: Name=NRST
Added Pin To Net: NetName=OSC_IN Pin=*2-1
Added Pin To Net: NetName=OSC_IN Pin=R5-1
Added Net: Name=OSC_IN
Added Pin To Net: NetName=OSC Pin=R3-2
Added Pin To Net: NetName=OSC Pin=R5-2
Added Pin To Net: NetName=OSC Pin=U1-5
Added Net: Name=OSC
Added Pin To Net: NetName=PB1 Pin=*2-5
Added Pin To Net: NetName=PB1 Pin=U1-27
Added Net: Name=PB1
Added Pin To Net: NetName=RSTN Pin=*2-3
Added Pin To Net: NetName=RSTN Pin=U1-54
Added Net: Name=RSTN
Added Pin To Net: NetName=SWCLK Pin=*2-7
Added Pin To Net: NetName=SWCLK Pin=R6-1
Added Pin To Net: NetName=SWCLK Pin=U1-49
Added Net: Name=SWCLK
Added Pin To Net: NetName=SWDIO Pin=*2-8
Added Pin To Net: NetName=SWDIO Pin=R4-1
Added Pin To Net: NetName=SWDIO Pin=U1-46
Added Net: Name=SWDIO
Added Pin To Net: NetName=UART1_RX Pin=*3-3
Added Pin To Net: NetName=UART1_RX Pin=U1-59
Added Net: Name=UART1_RX
Added Pin To Net: NetName=UART1_TX Pin=*3-4
Added Pin To Net: NetName=UART1_TX Pin=U1-58
Added Net: Name=UART1_TX
Added Pin To Net: NetName=UART2_RX Pin=*3-7
Added Pin To Net: NetName=UART2_RX Pin=U1-17
Added Net: Name=UART2_RX
Added Pin To Net: NetName=UART2_TX Pin=*3-8
Added Pin To Net: NetName=UART2_TX Pin=U1-16
Added Net: Name=UART2_TX
Added Pin To Net: NetName=USB_DM Pin=P1-2
Added Pin To Net: NetName=USB_DM Pin=U1-44
Added Net: Name=USB_DM
Added Pin To Net: NetName=USB_DP Pin=P1-3
Added Pin To Net: NetName=USB_DP Pin=U1-45
Added Net: Name=USB_DP
Added Pin To Net: NetName=VCC3V3 Pin=*1-9
Added Pin To Net: NetName=VCC3V3 Pin=*2-6
Added Pin To Net: NetName=VCC3V3 Pin=*3-6
Added Pin To Net: NetName=VCC3V3 Pin=C1-2
Added Pin To Net: NetName=VCC3V3 Pin=C2-2
Added Pin To Net: NetName=VCC3V3 Pin=C3-2
Added Pin To Net: NetName=VCC3V3 Pin=C4-2
Added Pin To Net: NetName=VCC3V3 Pin=C5-2
Added Pin To Net: NetName=VCC3V3 Pin=C6-2
Added Pin To Net: NetName=VCC3V3 Pin=C7-2
Added Pin To Net: NetName=VCC3V3 Pin=C8-2
Added Pin To Net: NetName=VCC3V3 Pin=C12-2
Added Pin To Net: NetName=VCC3V3 Pin=C14-2
Added Pin To Net: NetName=VCC3V3 Pin=R2-1
Added Pin To Net: NetName=VCC3V3 Pin=R4-2
Added Pin To Net: NetName=VCC3V3 Pin=R7-2
Added Pin To Net: NetName=VCC3V3 Pin=R8-2
Added Pin To Net: NetName=VCC3V3 Pin=R9-2
Added Pin To Net: NetName=VCC3V3 Pin=U1-1
Added Pin To Net: NetName=VCC3V3 Pin=U1-13
Added Pin To Net: NetName=VCC3V3 Pin=U1-19
Added Pin To Net: NetName=VCC3V3 Pin=U1-32
Added Pin To Net: NetName=VCC3V3 Pin=U1-48
Added Pin To Net: NetName=VCC3V3 Pin=U1-64
Added Pin To Net: NetName=VCC3V3 Pin=U2-1
Added Pin To Net: NetName=VCC3V3 Pin=U3-1
Added Net: Name=VCC3V3
Added Room: Name=stm32+loRa
